<?xml version="1.0" encoding="UTF-8"?>
<robot generator="Robot 3.2.1 (Python 3.8.5 on win32)" generated="20200723 14:44:47.680" rpa="false">
<suite id="s1" name="Google" source="C:\Train\robotframework-20200723\workshop-02\google.robot">
<test id="s1-t1" name="เปิด Google Chrome">
<kw name="เปิด Chrome ขึ้นมา">
<kw name="Open Browser" library="SeleniumLibrary">
<doc>Opens a new browser instance to the optional ``url``.</doc>
<arguments>
<arg>http://www.google.co.th</arg>
<arg>chrome</arg>
</arguments>
<msg timestamp="20200723 14:44:48.157" level="INFO">Opening browser 'chrome' to base url 'http://www.google.co.th'.</msg>
<status status="PASS" starttime="20200723 14:44:48.156" endtime="20200723 14:44:54.954"></status>
</kw>
<status status="PASS" starttime="20200723 14:44:48.156" endtime="20200723 14:44:54.955"></status>
</kw>
<kw name="ค้นหา facebook">
<kw name="Input Text" library="SeleniumLibrary">
<doc>Types the given ``text`` into the text field identified by ``locator``.</doc>
<arguments>
<arg>q</arg>
<arg>facebook</arg>
</arguments>
<msg timestamp="20200723 14:44:54.957" level="INFO">Typing text 'facebook' into text field 'q'.</msg>
<status status="PASS" starttime="20200723 14:44:54.957" endtime="20200723 14:44:55.330"></status>
</kw>
<status status="PASS" starttime="20200723 14:44:54.956" endtime="20200723 14:44:55.331"></status>
</kw>
<kw name="คลิ้กปุ่ม serach">
<msg timestamp="20200723 14:44:55.339" level="FAIL">No keyword with name 'คลิ้กปุ่ม serach' found.</msg>
<status status="FAIL" starttime="20200723 14:44:55.338" endtime="20200723 14:44:55.339"></status>
</kw>
<status status="FAIL" starttime="20200723 14:44:48.154" endtime="20200723 14:44:55.340" critical="yes">No keyword with name 'คลิ้กปุ่ม serach' found.</status>
</test>
<status status="FAIL" starttime="20200723 14:44:47.685" endtime="20200723 14:44:55.348"></status>
</suite>
<statistics>
<total>
<stat pass="0" fail="1">Critical Tests</stat>
<stat pass="0" fail="1">All Tests</stat>
</total>
<tag>
</tag>
<suite>
<stat pass="0" fail="1" id="s1" name="Google">Google</stat>
</suite>
</statistics>
<errors>
</errors>
</robot>
